#
# There is insufficient memory for the Java Runtime Environment to continue.
# Native memory allocation (mmap) failed to map 2147483648 bytes for Failed to commit area from 0x000000073e800000 to 0x00000007be800000 of length 2147483648.
# Possible reasons:
#   The system is out of physical RAM or swap space
#   The process is running with CompressedOops enabled, and the Java Heap may be blocking the growth of the native heap
# Possible solutions:
#   Reduce memory load on the system
#   Increase physical memory or swap space
#   Check if swap backing store is full
#   Decrease Java heap size (-Xmx/-Xms)
#   Decrease number of Java threads
#   Decrease Java thread stack sizes (-Xss)
#   Set larger code cache with -XX:ReservedCodeCacheSize=
# This output file may be truncated or incomplete.
#
#  Out of Memory Error (./src/hotspot/os/windows/os_windows.cpp:3311), pid=18308, tid=17400
#
# JRE version:  (11.0.13+8) (build )
# Java VM: OpenJDK 64-Bit Server VM (11.0.13+8, mixed mode, sharing, tiered, compressed oops, g1 gc, windows-amd64)
# No core dump will be written. Minidumps are not enabled by default on client versions of Windows
#

---------------  S U M M A R Y ------------

Command Line: -Xms2048m -Xmx3096m -XX:PermSize=1024m -XX:MaxPermSize=2048m -Djavax.xml.accessExternalSchema=all -Dclassworlds.conf=C:\GhadaPFE\tools\maven-3.5.2\bin\..\bin\m2.conf -Dmaven.home=C:\GhadaPFE\tools\maven-3.5.2\bin\.. -Dlibrary.jansi.path=C:\GhadaPFE\tools\maven-3.5.2\bin\..\lib\jansi-native -Dmaven.multiModuleProjectDirectory=C:\GhadaPFE\guiWorkSpace\sales-portal.git\std org.codehaus.plexus.classworlds.launcher.Launcher -e clean install -Dmaven.test.skip=true -Djavax.xml.accessExternalSchema=all -PngApp,test -o

Host: Intel(R) Core(TM) i5-8250U CPU @ 1.60GHz, 8 cores, 11G,  Windows 10 , 64 bit Build 17763 (10.0.17763.379)
Time: Mon Apr  3 12:15:36 2023 Afr. centrale Ouest elapsed time: 0.018652 seconds (0d 0h 0m 0s)

---------------  T H R E A D  ---------------

Current thread (0x00000228150eb000):  JavaThread "Unknown thread" [_thread_in_vm, id=17400, stack(0x000000c821700000,0x000000c821800000)]

Stack: [0x000000c821700000,0x000000c821800000]
Native frames: (J=compiled Java code, j=interpreted, Vv=VM code, C=native code)
V  [jvm.dll+0x61cc7a]
V  [jvm.dll+0x7a8fd9]
V  [jvm.dll+0x7aa69f]
V  [jvm.dll+0x7aad73]
V  [jvm.dll+0x24f808]
V  [jvm.dll+0x619f8a]
V  [jvm.dll+0x60e835]
V  [jvm.dll+0x30733c]
V  [jvm.dll+0x3071c2]
V  [jvm.dll+0x30bee6]
V  [jvm.dll+0x350e8f]
V  [jvm.dll+0x3508c0]
V  [jvm.dll+0x2e4438]
V  [jvm.dll+0x2e5596]
V  [jvm.dll+0x782db7]
V  [jvm.dll+0x78453f]
V  [jvm.dll+0x35dc19]
V  [jvm.dll+0x765d40]
V  [jvm.dll+0x3cb66f]
V  [jvm.dll+0x3cda01]
C  [jli.dll+0x5207]
C  [ucrtbase.dll+0x21ffa]
C  [KERNEL32.DLL+0x181f4]
C  [ntdll.dll+0x6a251]


---------------  P R O C E S S  ---------------

Threads class SMR info:
_java_thread_list=0x0000022812d9ca30, length=0, elements={
}

Java Threads: ( => current thread )

Other Threads:
  0x0000022815103800 GCTaskThread "GC Thread#0" [stack: 0x000000c821800000,0x000000c821900000] [id=17232]
  0x000002281514d000 ConcurrentGCThread "G1 Main Marker" [stack: 0x000000c821900000,0x000000c821a00000] [id=12156]
  0x000002281514e800 ConcurrentGCThread "G1 Conc#0" [stack: 0x000000c821a00000,0x000000c821b00000] [id=11960]

[error occurred during error reporting (printing all threads), id 0xc0000005, EXCEPTION_ACCESS_VIOLATION (0xc0000005) at pc=0x00007ffb650c3b17]

VM state:not at safepoint (not fully initialized)

VM Mutex/Monitor currently owned by a thread:  ([mutex/lock_event])
[0x00000228150e6cb0] Heap_lock - owner thread: 0x00000228150eb000

Heap address: 0x000000073e800000, size: 3096 MB, Compressed Oops mode: Non-zero based: 0x000000073e800000
Narrow klass base: 0x0000000000000000, Narrow klass shift: 0

GC Heap History (0 events):
No events

Deoptimization events (0 events):
No events

Classes redefined (0 events):
No events

Internal exceptions (0 events):
No events

Events (1 events):
Event: 0.010 Loaded shared library C:\GhadaPFE\tools\OJDK11.0.13_8\bin\zip.dll


Dynamic libraries:
0x00007ff645020000 - 0x00007ff64502d000 	C:\GhadaPFE\tools\OJDK11.0.13_8\bin\java.exe
0x00007ffb97810000 - 0x00007ffb979fd000 	C:\windows\SYSTEM32\ntdll.dll
0x00007ffb956b0000 - 0x00007ffb95763000 	C:\windows\System32\KERNEL32.DLL
0x00007ffb93e10000 - 0x00007ffb940a3000 	C:\windows\System32\KERNELBASE.dll
0x00007ffb938e0000 - 0x00007ffb939da000 	C:\windows\System32\ucrtbase.dll
0x00007ffb8a040000 - 0x00007ffb8a057000 	C:\GhadaPFE\tools\OJDK11.0.13_8\bin\jli.dll
0x00007ffb85040000 - 0x00007ffb85055000 	C:\GhadaPFE\tools\OJDK11.0.13_8\bin\VCRUNTIME140.dll
0x00007ffb95770000 - 0x00007ffb95907000 	C:\windows\System32\USER32.dll
0x00007ffb940d0000 - 0x00007ffb940f0000 	C:\windows\System32\win32u.dll
0x00007ffb83180000 - 0x00007ffb833f9000 	C:\windows\WinSxS\amd64_microsoft.windows.common-controls_6595b64144ccf1df_6.0.17763.379_none_05b83be8071c94a1\COMCTL32.dll
0x00007ffb95f10000 - 0x00007ffb95f39000 	C:\windows\System32\GDI32.dll
0x00007ffb94b10000 - 0x00007ffb94bae000 	C:\windows\System32\msvcrt.dll
0x00007ffb93a90000 - 0x00007ffb93c2a000 	C:\windows\System32\gdi32full.dll
0x00007ffb95150000 - 0x00007ffb9547d000 	C:\windows\System32\combase.dll
0x00007ffb94840000 - 0x00007ffb948e0000 	C:\windows\System32\msvcp_win.dll
0x00007ffb95d30000 - 0x00007ffb95e52000 	C:\windows\System32\RPCRT4.dll
0x00007ffb94970000 - 0x00007ffb949ee000 	C:\windows\System32\bcryptPrimitives.dll
0x00007ffb95f40000 - 0x00007ffb95f6e000 	C:\windows\System32\IMM32.DLL
0x0000000068000000 - 0x000000006806c000 	C:\windows\System32\QIPCAP64.dll
0x00007ffb95e60000 - 0x00007ffb95f03000 	C:\windows\System32\ADVAPI32.dll
0x00007ffb95c80000 - 0x00007ffb95d1e000 	C:\windows\System32\sechost.dll
0x00007ffb96240000 - 0x00007ffb97730000 	C:\windows\System32\SHELL32.dll
0x00007ffb949f0000 - 0x00007ffb94a3a000 	C:\windows\System32\cfgmgr32.dll
0x00007ffb97730000 - 0x00007ffb977d8000 	C:\windows\System32\shcore.dll
0x00007ffb940f0000 - 0x00007ffb9483a000 	C:\windows\System32\windows.storage.dll
0x00007ffb938b0000 - 0x00007ffb938d4000 	C:\windows\System32\profapi.dll
0x00007ffb93830000 - 0x00007ffb9388d000 	C:\windows\System32\powrprof.dll
0x00007ffb96160000 - 0x00007ffb961b2000 	C:\windows\System32\shlwapi.dll
0x00007ffb93810000 - 0x00007ffb93821000 	C:\windows\System32\kernel.appcore.dll
0x00007ffb940b0000 - 0x00007ffb940c7000 	C:\windows\System32\cryptsp.dll
0x00007ffb92e30000 - 0x00007ffb92ef6000 	C:\windows\SYSTEM32\DNSAPI.dll
0x00007ffb950e0000 - 0x00007ffb9514d000 	C:\windows\System32\WS2_32.dll
0x00007ffb95480000 - 0x00007ffb95488000 	C:\windows\System32\NSI.dll
0x00007ffb92df0000 - 0x00007ffb92e2d000 	C:\windows\SYSTEM32\IPHLPAPI.DLL
0x00007ffb81dc0000 - 0x00007ffb81e5b000 	C:\GhadaPFE\tools\OJDK11.0.13_8\bin\msvcp140.dll
0x00007ffb64dd0000 - 0x00007ffb6594e000 	C:\GhadaPFE\tools\OJDK11.0.13_8\bin\server\jvm.dll
0x00007ffb95510000 - 0x00007ffb95518000 	C:\windows\System32\PSAPI.DLL
0x00007ffb87cb0000 - 0x00007ffb87cba000 	C:\windows\SYSTEM32\VERSION.dll
0x00007ffb90a10000 - 0x00007ffb90a19000 	C:\windows\SYSTEM32\WSOCK32.dll
0x00007ffb90980000 - 0x00007ffb909a4000 	C:\windows\SYSTEM32\WINMM.dll
0x00007ffb90950000 - 0x00007ffb9097d000 	C:\windows\SYSTEM32\winmmbase.dll
0x00007ffb8aef0000 - 0x00007ffb8af00000 	C:\GhadaPFE\tools\OJDK11.0.13_8\bin\verify.dll
0x00007ffb91fb0000 - 0x00007ffb9219d000 	C:\windows\SYSTEM32\DBGHELP.DLL
0x00007ffb81f60000 - 0x00007ffb81f8a000 	C:\windows\SYSTEM32\dbgcore.DLL
0x00007ffb849a0000 - 0x00007ffb849c8000 	C:\GhadaPFE\tools\OJDK11.0.13_8\bin\java.dll
0x00007ffb87d00000 - 0x00007ffb87d0a000 	C:\GhadaPFE\tools\OJDK11.0.13_8\bin\jimage.dll
0x00007ffb84490000 - 0x00007ffb844a7000 	C:\GhadaPFE\tools\OJDK11.0.13_8\bin\zip.dll

dbghelp: loaded successfully - version: 4.0.5 - missing functions: none
symbol engine: initialized successfully - sym options: 0x614 - pdb path: .;C:\GhadaPFE\tools\OJDK11.0.13_8\bin;C:\windows\SYSTEM32;C:\windows\WinSxS\amd64_microsoft.windows.common-controls_6595b64144ccf1df_6.0.17763.379_none_05b83be8071c94a1;C:\GhadaPFE\tools\OJDK11.0.13_8\bin\server

VM Arguments:
jvm_args: -Xms2048m -Xmx3096m -XX:PermSize=1024m -XX:MaxPermSize=2048m -Djavax.xml.accessExternalSchema=all -Dclassworlds.conf=C:\GhadaPFE\tools\maven-3.5.2\bin\..\bin\m2.conf -Dmaven.home=C:\GhadaPFE\tools\maven-3.5.2\bin\.. -Dlibrary.jansi.path=C:\GhadaPFE\tools\maven-3.5.2\bin\..\lib\jansi-native -Dmaven.multiModuleProjectDirectory=C:\GhadaPFE\guiWorkSpace\sales-portal.git\std 
java_command: org.codehaus.plexus.classworlds.launcher.Launcher -e clean install -Dmaven.test.skip=true -Djavax.xml.accessExternalSchema=all -PngApp,test -o
java_class_path (initial): C:\GhadaPFE\tools\maven-3.5.2\bin\..\boot\plexus-classworlds-2.5.2.jar
Launcher Type: SUN_STANDARD

[Global flags]
     intx CICompilerCount                          = 4                                         {product} {ergonomic}
     uint ConcGCThreads                            = 2                                         {product} {ergonomic}
     uint G1ConcRefinementThreads                  = 8                                         {product} {ergonomic}
   size_t G1HeapRegionSize                         = 1048576                                   {product} {ergonomic}
    uintx GCDrainStackTargetSize                   = 64                                        {product} {ergonomic}
   size_t InitialHeapSize                          = 2147483648                                {product} {command line}
   size_t MarkStackSize                            = 4194304                                   {product} {ergonomic}
   size_t MaxHeapSize                              = 3246391296                                {product} {command line}
   size_t MinHeapDeltaBytes                        = 1048576                                   {product} {ergonomic}
    uintx NonNMethodCodeHeapSize                   = 5836300                                {pd product} {ergonomic}
    uintx NonProfiledCodeHeapSize                  = 122910970                              {pd product} {ergonomic}
    uintx ProfiledCodeHeapSize                     = 122910970                              {pd product} {ergonomic}
    uintx ReservedCodeCacheSize                    = 251658240                              {pd product} {ergonomic}
     bool SegmentedCodeCache                       = true                                      {product} {ergonomic}
     bool UseCompressedClassPointers               = true                                 {lp64_product} {ergonomic}
     bool UseCompressedOops                        = true                                 {lp64_product} {ergonomic}
     bool UseG1GC                                  = true                                      {product} {ergonomic}
     bool UseLargePagesIndividualAllocation        = false                                  {pd product} {ergonomic}

Logging:
Log output configuration:
 #0: stdout all=warning uptime,level,tags
 #1: stderr all=off uptime,level,tags

Environment Variables:
JAVA_HOME=C:\GhadaPFE\tools\OJDK11.0.13_8
PATH=C:\GhadaPFE\tools\OJDK11.0.13_8\bin;C:\GhadaPFE\tools\maven-3.5.2\bin;C:\GhadaPFE\tools\Forms10G;D:\Forms10G\jdk\jre\bin\classic;D:\Forms10G\jdk\jre\bin;D:\Forms10G\jdk\jre\bin\client;D:\Forms10G\jlib;D:\Forms10G\bin;D:\Forms10G\jre\1.4.2\bin\client;D:\Forms10G\jre\1.4.2\bin;C:\windows\system32;C:\windows;C:\windows\System32\Wbem;C:\windows\System32\WindowsPowerShell\v1.0\;C:\windows\System32\OpenSSH\;C:\Program Files\Git\cmd;C:\Users\GSaadaoui\AppData\Local\Microsoft\WindowsApps;\\ad.linedata.com\corpdfs\corp\bin;\\ad.linedata.com\corpdfs\corp\cygwin\bin;C:\Users\GSaadaoui\AppData\Local\Programs\Microsoft VS Code\bin;"C:\GhadaPFE\tools\OJDK11.0.13_8\bin;";C:\Users\GSaadaoui\AppData\Local\gitkraken\bin
USERNAME=GSaadaoui
OS=Windows_NT
PROCESSOR_IDENTIFIER=Intel64 Family 6 Model 142 Stepping 10, GenuineIntel



---------------  S Y S T E M  ---------------

OS: Windows 10 , 64 bit Build 17763 (10.0.17763.379)
OS uptime: 5 days 3:27 hours

CPU:total 8 (initial active 8) (4 cores per cpu, 2 threads per core) family 6 model 142 stepping 10 microcode 0xd6, cmov, cx8, fxsr, mmx, sse, sse2, sse3, ssse3, sse4.1, sse4.2, popcnt, avx, avx2, aes, clmul, erms, 3dnowpref, lzcnt, ht, tsc, tscinvbit, bmi1, bmi2, adx, fma

Memory: 4k page, system-wide physical 12146M (3146M free)
TotalPageFile size 16092M (AvailPageFile size 317M)
current process WorkingSet (physical memory assigned to process): 11M, peak: 11M
current process commit charge ("private bytes"): 61M, peak: 2109M

vm_info: OpenJDK 64-Bit Server VM (11.0.13+8) for windows-amd64 JRE (11.0.13+8), built on Oct 19 2021 17:05:59 by "" with unknown MS VC++:1916

END.
