#
# There is insufficient memory for the Java Runtime Environment to continue.
# Native memory allocation (mmap) failed to map 2147483648 bytes for Failed to commit area from 0x000000073e800000 to 0x00000007be800000 of length 2147483648.
# Possible reasons:
#   The system is out of physical RAM or swap space
#   The process is running with CompressedOops enabled, and the Java Heap may be blocking the growth of the native heap
# Possible solutions:
#   Reduce memory load on the system
#   Increase physical memory or swap space
#   Check if swap backing store is full
#   Decrease Java heap size (-Xmx/-Xms)
#   Decrease number of Java threads
#   Decrease Java thread stack sizes (-Xss)
#   Set larger code cache with -XX:ReservedCodeCacheSize=
# This output file may be truncated or incomplete.
#
#  Out of Memory Error (./src/hotspot/os/windows/os_windows.cpp:3311), pid=19072, tid=11576
#
# JRE version:  (11.0.13+8) (build )
# Java VM: OpenJDK 64-Bit Server VM (11.0.13+8, mixed mode, sharing, tiered, compressed oops, g1 gc, windows-amd64)
# No core dump will be written. Minidumps are not enabled by default on client versions of Windows
#

---------------  S U M M A R Y ------------

Command Line: -Xms2048m -Xmx3096m -XX:PermSize=1024m -XX:MaxPermSize=2048m -Djavax.xml.accessExternalSchema=all -Dclassworlds.conf=C:\GhadaPFE\tools\maven-3.5.2\bin\..\bin\m2.conf -Dmaven.home=C:\GhadaPFE\tools\maven-3.5.2\bin\.. -Dlibrary.jansi.path=C:\GhadaPFE\tools\maven-3.5.2\bin\..\lib\jansi-native -Dmaven.multiModuleProjectDirectory=C:\GhadaPFE\guiWorkSpace\sales-portal.git\std org.codehaus.plexus.classworlds.launcher.Launcher -e clean install -Dmaven.test.skip=true -Djavax.xml.accessExternalSchema=all -PngApp,test

Host: Intel(R) Core(TM) i5-8250U CPU @ 1.60GHz, 8 cores, 11G,  Windows 10 , 64 bit Build 17763 (10.0.17763.379)
Time: Wed Apr  5 09:21:07 2023 Afr. centrale Ouest elapsed time: 0.320063 seconds (0d 0h 0m 0s)

---------------  T H R E A D  ---------------

Current thread (0x00000266a3076800):  JavaThread "Unknown thread" [_thread_in_vm, id=11576, stack(0x000000b165c00000,0x000000b165d00000)]

Stack: [0x000000b165c00000,0x000000b165d00000]
Native frames: (J=compiled Java code, j=interpreted, Vv=VM code, C=native code)
V  [jvm.dll+0x61cc7a]
V  [jvm.dll+0x7a8fd9]
V  [jvm.dll+0x7aa69f]
V  [jvm.dll+0x7aad73]
V  [jvm.dll+0x24f808]
V  [jvm.dll+0x619f8a]
V  [jvm.dll+0x60e835]
V  [jvm.dll+0x30733c]
V  [jvm.dll+0x3071c2]
V  [jvm.dll+0x30bee6]
V  [jvm.dll+0x350e8f]
V  [jvm.dll+0x3508c0]
V  [jvm.dll+0x2e4438]
V  [jvm.dll+0x2e5596]
V  [jvm.dll+0x782db7]
V  [jvm.dll+0x78453f]
V  [jvm.dll+0x35dc19]
V  [jvm.dll+0x765d40]
V  [jvm.dll+0x3cb66f]
V  [jvm.dll+0x3cda01]
C  [jli.dll+0x5207]
C  [ucrtbase.dll+0x21ffa]
C  [KERNEL32.DLL+0x181f4]
C  [ntdll.dll+0x6a251]


---------------  P R O C E S S  ---------------

Threads class SMR info:
_java_thread_list=0x00000266a0dbc7d0, length=0, elements={
}

Java Threads: ( => current thread )

Other Threads:
  0x00000266a308f800 GCTaskThread "GC Thread#0" [stack: 0x000000b165d00000,0x000000b165e00000] [id=1904]
  0x00000266a30da000 ConcurrentGCThread "G1 Main Marker" [stack: 0x000000b165e00000,0x000000b165f00000] [id=7976]
  0x00000266a30db800 ConcurrentGCThread "G1 Conc#0" [stack: 0x000000b165f00000,0x000000b166000000] [id=4652]

[error occurred during error reporting (printing all threads), id 0xc0000005, EXCEPTION_ACCESS_VIOLATION (0xc0000005) at pc=0x00007fffd8233b17]

VM state:not at safepoint (not fully initialized)

VM Mutex/Monitor currently owned by a thread:  ([mutex/lock_event])
[0x00000266a30737d0] Heap_lock - owner thread: 0x00000266a3076800

Heap address: 0x000000073e800000, size: 3096 MB, Compressed Oops mode: Non-zero based: 0x000000073e800000
Narrow klass base: 0x0000000000000000, Narrow klass shift: 0

GC Heap History (0 events):
No events

Deoptimization events (0 events):
No events

Classes redefined (0 events):
No events

Internal exceptions (0 events):
No events

Events (1 events):
Event: 0.237 Loaded shared library C:\GhadaPFE\tools\OJDK11.0.13_8\bin\zip.dll


Dynamic libraries:
0x00007ff7fc6f0000 - 0x00007ff7fc6fd000 	C:\GhadaPFE\tools\OJDK11.0.13_8\bin\java.exe
0x00007ff84b890000 - 0x00007ff84ba7d000 	C:\windows\SYSTEM32\ntdll.dll
0x00007ff84b450000 - 0x00007ff84b503000 	C:\windows\System32\KERNEL32.DLL
0x00007ff847b40000 - 0x00007ff847dd3000 	C:\windows\System32\KERNELBASE.dll
0x00007ff8480d0000 - 0x00007ff8481ca000 	C:\windows\System32\ucrtbase.dll
0x00007ff845010000 - 0x00007ff845027000 	C:\GhadaPFE\tools\OJDK11.0.13_8\bin\jli.dll
0x00007ff844ff0000 - 0x00007ff845005000 	C:\GhadaPFE\tools\OJDK11.0.13_8\bin\VCRUNTIME140.dll
0x00007ff848ba0000 - 0x00007ff848d37000 	C:\windows\System32\USER32.dll
0x00007ff8336e0000 - 0x00007ff833959000 	C:\windows\WinSxS\amd64_microsoft.windows.common-controls_6595b64144ccf1df_6.0.17763.379_none_05b83be8071c94a1\COMCTL32.dll
0x00007ff847de0000 - 0x00007ff847e00000 	C:\windows\System32\win32u.dll
0x00007ff84b090000 - 0x00007ff84b12e000 	C:\windows\System32\msvcrt.dll
0x00007ff84abc0000 - 0x00007ff84abe9000 	C:\windows\System32\GDI32.dll
0x00007ff84b510000 - 0x00007ff84b83d000 	C:\windows\System32\combase.dll
0x00007ff847e80000 - 0x00007ff84801a000 	C:\windows\System32\gdi32full.dll
0x00007ff848e20000 - 0x00007ff848f42000 	C:\windows\System32\RPCRT4.dll
0x00007ff848b00000 - 0x00007ff848ba0000 	C:\windows\System32\msvcp_win.dll
0x00007ff847a60000 - 0x00007ff847ade000 	C:\windows\System32\bcryptPrimitives.dll
0x00007ff84b420000 - 0x00007ff84b44e000 	C:\windows\System32\IMM32.DLL
0x0000000068000000 - 0x000000006806c000 	C:\windows\System32\QIPCAP64.dll
0x00007ff84ac10000 - 0x00007ff84acb3000 	C:\windows\System32\ADVAPI32.dll
0x00007ff84ad90000 - 0x00007ff84ae2e000 	C:\windows\System32\sechost.dll
0x00007ff8496d0000 - 0x00007ff84abc0000 	C:\windows\System32\SHELL32.dll
0x00007ff847e00000 - 0x00007ff847e4a000 	C:\windows\System32\cfgmgr32.dll
0x00007ff84afe0000 - 0x00007ff84b088000 	C:\windows\System32\shcore.dll
0x00007ff8481d0000 - 0x00007ff84891a000 	C:\windows\System32\windows.storage.dll
0x00007ff8479b0000 - 0x00007ff8479d4000 	C:\windows\System32\profapi.dll
0x00007ff8479e0000 - 0x00007ff847a3d000 	C:\windows\System32\powrprof.dll
0x00007ff84acc0000 - 0x00007ff84ad12000 	C:\windows\System32\shlwapi.dll
0x00007ff847970000 - 0x00007ff847981000 	C:\windows\System32\kernel.appcore.dll
0x00007ff847a40000 - 0x00007ff847a57000 	C:\windows\System32\cryptsp.dll
0x00007ff846f90000 - 0x00007ff847056000 	C:\windows\SYSTEM32\DNSAPI.dll
0x00007ff84ad20000 - 0x00007ff84ad8d000 	C:\windows\System32\WS2_32.dll
0x00007ff84b850000 - 0x00007ff84b858000 	C:\windows\System32\NSI.dll
0x00007ff846f50000 - 0x00007ff846f8d000 	C:\windows\SYSTEM32\IPHLPAPI.DLL
0x00007ff83a9a0000 - 0x00007ff83aa3b000 	C:\GhadaPFE\tools\OJDK11.0.13_8\bin\msvcp140.dll
0x00007fffd7f40000 - 0x00007fffd8abe000 	C:\GhadaPFE\tools\OJDK11.0.13_8\bin\server\jvm.dll
0x00007ff84b840000 - 0x00007ff84b848000 	C:\windows\System32\PSAPI.DLL
0x00007ff8455f0000 - 0x00007ff845614000 	C:\windows\SYSTEM32\WINMM.dll
0x00007ff82c610000 - 0x00007ff82c619000 	C:\windows\SYSTEM32\WSOCK32.dll
0x00007ff839130000 - 0x00007ff83913a000 	C:\windows\SYSTEM32\VERSION.dll
0x00007ff8455c0000 - 0x00007ff8455ed000 	C:\windows\SYSTEM32\winmmbase.dll
0x00007ff843a00000 - 0x00007ff843a10000 	C:\GhadaPFE\tools\OJDK11.0.13_8\bin\verify.dll
0x00007ff845a40000 - 0x00007ff845c2d000 	C:\windows\SYSTEM32\DBGHELP.DLL
0x00007ff834a30000 - 0x00007ff834a5a000 	C:\windows\SYSTEM32\dbgcore.DLL
0x00007ff83d100000 - 0x00007ff83d128000 	C:\GhadaPFE\tools\OJDK11.0.13_8\bin\java.dll
0x00007ff841d00000 - 0x00007ff841d0a000 	C:\GhadaPFE\tools\OJDK11.0.13_8\bin\jimage.dll
0x00007ff83ca10000 - 0x00007ff83ca27000 	C:\GhadaPFE\tools\OJDK11.0.13_8\bin\zip.dll

dbghelp: loaded successfully - version: 4.0.5 - missing functions: none
symbol engine: initialized successfully - sym options: 0x614 - pdb path: .;C:\GhadaPFE\tools\OJDK11.0.13_8\bin;C:\windows\SYSTEM32;C:\windows\WinSxS\amd64_microsoft.windows.common-controls_6595b64144ccf1df_6.0.17763.379_none_05b83be8071c94a1;C:\GhadaPFE\tools\OJDK11.0.13_8\bin\server

VM Arguments:
jvm_args: -Xms2048m -Xmx3096m -XX:PermSize=1024m -XX:MaxPermSize=2048m -Djavax.xml.accessExternalSchema=all -Dclassworlds.conf=C:\GhadaPFE\tools\maven-3.5.2\bin\..\bin\m2.conf -Dmaven.home=C:\GhadaPFE\tools\maven-3.5.2\bin\.. -Dlibrary.jansi.path=C:\GhadaPFE\tools\maven-3.5.2\bin\..\lib\jansi-native -Dmaven.multiModuleProjectDirectory=C:\GhadaPFE\guiWorkSpace\sales-portal.git\std 
java_command: org.codehaus.plexus.classworlds.launcher.Launcher -e clean install -Dmaven.test.skip=true -Djavax.xml.accessExternalSchema=all -PngApp,test
java_class_path (initial): C:\GhadaPFE\tools\maven-3.5.2\bin\..\boot\plexus-classworlds-2.5.2.jar
Launcher Type: SUN_STANDARD

[Global flags]
     intx CICompilerCount                          = 4                                         {product} {ergonomic}
     uint ConcGCThreads                            = 2                                         {product} {ergonomic}
     uint G1ConcRefinementThreads                  = 8                                         {product} {ergonomic}
   size_t G1HeapRegionSize                         = 1048576                                   {product} {ergonomic}
    uintx GCDrainStackTargetSize                   = 64                                        {product} {ergonomic}
   size_t InitialHeapSize                          = 2147483648                                {product} {command line}
   size_t MarkStackSize                            = 4194304                                   {product} {ergonomic}
   size_t MaxHeapSize                              = 3246391296                                {product} {command line}
   size_t MinHeapDeltaBytes                        = 1048576                                   {product} {ergonomic}
    uintx NonNMethodCodeHeapSize                   = 5836300                                {pd product} {ergonomic}
    uintx NonProfiledCodeHeapSize                  = 122910970                              {pd product} {ergonomic}
    uintx ProfiledCodeHeapSize                     = 122910970                              {pd product} {ergonomic}
    uintx ReservedCodeCacheSize                    = 251658240                              {pd product} {ergonomic}
     bool SegmentedCodeCache                       = true                                      {product} {ergonomic}
     bool UseCompressedClassPointers               = true                                 {lp64_product} {ergonomic}
     bool UseCompressedOops                        = true                                 {lp64_product} {ergonomic}
     bool UseG1GC                                  = true                                      {product} {ergonomic}
     bool UseLargePagesIndividualAllocation        = false                                  {pd product} {ergonomic}

Logging:
Log output configuration:
 #0: stdout all=warning uptime,level,tags
 #1: stderr all=off uptime,level,tags

Environment Variables:
JAVA_HOME=C:\GhadaPFE\tools\OJDK11.0.13_8
PATH=C:\GhadaPFE\tools\OJDK11.0.13_8\bin;C:\GhadaPFE\tools\maven-3.5.2\bin;C:\GhadaPFE\tools\Forms10G;D:\Forms10G\jdk\jre\bin\classic;D:\Forms10G\jdk\jre\bin;D:\Forms10G\jdk\jre\bin\client;D:\Forms10G\jlib;D:\Forms10G\bin;D:\Forms10G\jre\1.4.2\bin\client;D:\Forms10G\jre\1.4.2\bin;C:\windows\system32;C:\windows;C:\windows\System32\Wbem;C:\windows\System32\WindowsPowerShell\v1.0\;C:\windows\System32\OpenSSH\;C:\Program Files\Git\cmd;C:\Users\GSaadaoui\AppData\Local\Microsoft\WindowsApps;\\ad.linedata.com\corpdfs\corp\bin;\\ad.linedata.com\corpdfs\corp\cygwin\bin;C:\Users\GSaadaoui\AppData\Local\Programs\Microsoft VS Code\bin;"C:\GhadaPFE\tools\OJDK11.0.13_8\bin;";C:\Users\GSaadaoui\AppData\Local\gitkraken\bin
USERNAME=GSaadaoui
OS=Windows_NT
PROCESSOR_IDENTIFIER=Intel64 Family 6 Model 142 Stepping 10, GenuineIntel



---------------  S Y S T E M  ---------------

OS: Windows 10 , 64 bit Build 17763 (10.0.17763.379)
OS uptime: 0 days 23:55 hours

CPU:total 8 (initial active 8) (4 cores per cpu, 2 threads per core) family 6 model 142 stepping 10 microcode 0xd6, cmov, cx8, fxsr, mmx, sse, sse2, sse3, ssse3, sse4.1, sse4.2, popcnt, avx, avx2, aes, clmul, erms, 3dnowpref, lzcnt, ht, tsc, tscinvbit, bmi1, bmi2, adx, fma

Memory: 4k page, system-wide physical 12146M (3701M free)
TotalPageFile size 15383M (AvailPageFile size 1146M)
current process WorkingSet (physical memory assigned to process): 11M, peak: 11M
current process commit charge ("private bytes"): 61M, peak: 2109M

vm_info: OpenJDK 64-Bit Server VM (11.0.13+8) for windows-amd64 JRE (11.0.13+8), built on Oct 19 2021 17:05:59 by "" with unknown MS VC++:1916

END.
